[INFO] Scanning for projects...
[INFO] 
[INFO] -------------------------< com.example:demo3 >--------------------------
[INFO] Building demo3 0.0.1-SNAPSHOT
[INFO]   from pom.xml
[INFO] --------------------------------[ jar ]---------------------------------
[INFO] 
[INFO] --- clean:3.3.2:clean (default-clean) @ demo3 ---
[INFO] Deleting D:\Downloads\NguyenTranThienLong_J2EE_Buoi5\NguyenTranThienLong_J2EE_Buoi5\demo3\demo3\target
[INFO] 
[INFO] --- resources:3.3.1:resources (default-resources) @ demo3 ---
[INFO] Copying 1 resource from src\main\resources to target\classes
[INFO] Copying 7 resources from src\main\resources to target\classes
[INFO] 
[INFO] --- compiler:3.11.0:compile (default-compile) @ demo3 ---
[INFO] Changes detected - recompiling the module! :source
[INFO] Compiling 11 source files with javac [debug release 21] to target\classes
[INFO] ------------------------------------------------------------------------
[INFO] BUILD SUCCESS
[INFO] ------------------------------------------------------------------------
[INFO] Total time:  1.501 s
[INFO] Finished at: 2026-03-10T22:07:01+07:00
[INFO] ------------------------------------------------------------------------
